# JRE version: OpenJDK Runtime Environment (8.0_152) (build 1.8.0_152-release-1343-b16-5323222)
# Java VM: OpenJDK 64-Bit Server VM (25.152-b16-5323222 mixed mode linux-amd64 compressed oops)
Heap:
 PSYoungGen      total 353280K, used 26057K [0x00000000e0000000, 0x00000000f8f80000, 0x0000000100000000)
  eden space 326144K, 0% used [0x00000000e0000000,0x00000000e0000000,0x00000000f3e80000)
  from space 27136K, 96% used [0x00000000f7500000,0x00000000f8e72580,0x00000000f8f80000)
  to   space 24576K, 0% used [0x00000000f3e80000,0x00000000f3e80000,0x00000000f5680000)
 ParOldGen       total 91648K, used 61121K [0x00000000a0000000, 0x00000000a5980000, 0x00000000e0000000)
  object space 91648K, 66% used [0x00000000a0000000,0x00000000a3bb0610,0x00000000a5980000)
 Metaspace       used 100935K, capacity 105514K, committed 105816K, reserved 1142784K
  class space    used 12558K, capacity 13375K, committed 13440K, reserved 1048576K
GC Heap History (10 events):
Event: 3477.224 GC heap after
Heap after GC invocations=33 (full 4):
 PSYoungGen      total 292864K, used 7053K [0x00000000e0000000, 0x00000000f4b80000, 0x0000000100000000)
  eden space 273408K, 0% used [0x00000000e0000000,0x00000000e0000000,0x00000000f0b00000)
  from space 19456K, 36% used [0x00000000f0b00000,0x00000000f11e3628,0x00000000f1e00000)
  to   space 18432K, 0% used [0x00000000f3980000,0x00000000f3980000,0x00000000f4b80000)
 ParOldGen       total 91648K, used 47101K [0x00000000a0000000, 0x00000000a5980000, 0x00000000e0000000)
  object space 91648K, 51% used [0x00000000a0000000,0x00000000a2dff778,0x00000000a5980000)
 Metaspace       used 97912K, capacity 102238K, committed 102488K, reserved 1138688K
  class space    used 12307K, capacity 13111K, committed 13184K, reserved 1048576K
}
Event: 3478.548 GC heap before
{Heap before GC invocations=34 (full 4):
 PSYoungGen      total 292864K, used 280461K [0x00000000e0000000, 0x00000000f4b80000, 0x0000000100000000)
  eden space 273408K, 100% used [0x00000000e0000000,0x00000000f0b00000,0x00000000f0b00000)
  from space 19456K, 36% used [0x00000000f0b00000,0x00000000f11e3628,0x00000000f1e00000)
  to   space 18432K, 0% used [0x00000000f3980000,0x00000000f3980000,0x00000000f4b80000)
 ParOldGen       total 91648K, used 47101K [0x00000000a0000000, 0x00000000a5980000, 0x00000000e0000000)
  object space 91648K, 51% used [0x00000000a0000000,0x00000000a2dff778,0x00000000a5980000)
 Metaspace       used 97983K, capacity 102316K, committed 102488K, reserved 1138688K
  class space    used 12309K, capacity 13114K, committed 13184K, reserved 1048576K
Event: 3478.559 GC heap after
Heap after GC invocations=34 (full 4):
 PSYoungGen      total 315904K, used 4462K [0x00000000e0000000, 0x00000000f4900000, 0x0000000100000000)
  eden space 300032K, 0% used [0x00000000e0000000,0x00000000e0000000,0x00000000f2500000)
  from space 15872K, 28% used [0x00000000f3980000,0x00000000f3ddb808,0x00000000f4900000)
  to   space 18432K, 0% used [0x00000000f2500000,0x00000000f2500000,0x00000000f3700000)
 ParOldGen       total 91648K, used 47109K [0x00000000a0000000, 0x00000000a5980000, 0x00000000e0000000)
  object space 91648K, 51% used [0x00000000a0000000,0x00000000a2e01778,0x00000000a5980000)
 Metaspace       used 97983K, capacity 102316K, committed 102488K, reserved 1138688K
  class space    used 12309K, capacity 13114K, committed 13184K, reserved 1048576K
}
Event: 3479.821 GC heap before
{Heap before GC invocations=35 (full 4):
 PSYoungGen      total 315904K, used 304494K [0x00000000e0000000, 0x00000000f4900000, 0x0000000100000000)
  eden space 300032K, 100% used [0x00000000e0000000,0x00000000f2500000,0x00000000f2500000)
  from space 15872K, 28% used [0x00000000f3980000,0x00000000f3ddb808,0x00000000f4900000)
  to   space 18432K, 0% used [0x00000000f2500000,0x00000000f2500000,0x00000000f3700000)
 ParOldGen       total 91648K, used 47109K [0x00000000a0000000, 0x00000000a5980000, 0x00000000e0000000)
  object space 91648K, 51% used [0x00000000a0000000,0x00000000a2e01778,0x00000000a5980000)
 Metaspace       used 98107K, capacity 102404K, committed 102488K, reserved 1138688K
  class space    used 12317K, capacity 13118K, committed 13184K, reserved 1048576K
Event: 3479.863 GC heap after
Heap after GC invocations=35 (full 4):
 PSYoungGen      total 318464K, used 7115K [0x00000000e0000000, 0x00000000f6780000, 0x0000000100000000)
  eden space 300032K, 0% used [0x00000000e0000000,0x00000000e0000000,0x00000000f2500000)
  from space 18432K, 38% used [0x00000000f2500000,0x00000000f2bf2f48,0x00000000f3700000)
  to   space 17408K, 0% used [0x00000000f5680000,0x00000000f5680000,0x00000000f6780000)
 ParOldGen       total 91648K, used 47117K [0x00000000a0000000, 0x00000000a5980000, 0x00000000e0000000)
  object space 91648K, 51% used [0x00000000a0000000,0x00000000a2e03778,0x00000000a5980000)
 Metaspace       used 98107K, capacity 102404K, committed 102488K, reserved 1138688K
  class space    used 12317K, capacity 13118K, committed 13184K, reserved 1048576K
}
Event: 3483.636 GC heap before
{Heap before GC invocations=36 (full 4):
 PSYoungGen      total 318464K, used 307147K [0x00000000e0000000, 0x00000000f6780000, 0x0000000100000000)
  eden space 300032K, 100% used [0x00000000e0000000,0x00000000f2500000,0x00000000f2500000)
  from space 18432K, 38% used [0x00000000f2500000,0x00000000f2bf2f48,0x00000000f3700000)
  to   space 17408K, 0% used [0x00000000f5680000,0x00000000f5680000,0x00000000f6780000)
 ParOldGen       total 91648K, used 47117K [0x00000000a0000000, 0x00000000a5980000, 0x00000000e0000000)
  object space 91648K, 51% used [0x00000000a0000000,0x00000000a2e03778,0x00000000a5980000)
 Metaspace       used 98704K, capacity 103128K, committed 103384K, reserved 1138688K
  class space    used 12377K, capacity 13208K, committed 13312K, reserved 1048576K
Event: 3483.738 GC heap after
Heap after GC invocations=36 (full 4):
 PSYoungGen      total 343552K, used 17404K [0x00000000e0000000, 0x00000000f7780000, 0x0000000100000000)
  eden space 326144K, 0% used [0x00000000e0000000,0x00000000e0000000,0x00000000f3e80000)
  from space 17408K, 99% used [0x00000000f5680000,0x00000000f677f338,0x00000000f6780000)
  to   space 24576K, 0% used [0x00000000f3e80000,0x00000000f3e80000,0x00000000f5680000)
 ParOldGen       total 91648K, used 59429K [0x00000000a0000000, 0x00000000a5980000, 0x00000000e0000000)
  object space 91648K, 64% used [0x00000000a0000000,0x00000000a3a09600,0x00000000a5980000)
 Metaspace       used 98704K, capacity 103128K, committed 103384K, reserved 1138688K
  class space    used 12377K, capacity 13208K, committed 13312K, reserved 1048576K
}
Event: 3550.151 GC heap before
{Heap before GC invocations=37 (full 4):
 PSYoungGen      total 343552K, used 343548K [0x00000000e0000000, 0x00000000f7780000, 0x0000000100000000)
  eden space 326144K, 100% used [0x00000000e0000000,0x00000000f3e80000,0x00000000f3e80000)
  from space 17408K, 99% used [0x00000000f5680000,0x00000000f677f338,0x00000000f6780000)
  to   space 24576K, 0% used [0x00000000f3e80000,0x00000000f3e80000,0x00000000f5680000)
 ParOldGen       total 91648K, used 59429K [0x00000000a0000000, 0x00000000a5980000, 0x00000000e0000000)
  object space 91648K, 64% used [0x00000000a0000000,0x00000000a3a09600,0x00000000a5980000)
 Metaspace       used 100219K, capacity 104700K, committed 104792K, reserved 1140736K
  class space    used 12548K, capacity 13362K, committed 13440K, reserved 1048576K
Event: 3550.620 GC heap after
Heap after GC invocations=37 (full 4):
 PSYoungGen      total 350720K, used 20434K [0x00000000e0000000, 0x00000000f8f80000, 0x0000000100000000)
  eden space 326144K, 0% used [0x00000000e0000000,0x00000000e0000000,0x00000000f3e80000)
  from space 24576K, 83% used [0x00000000f3e80000,0x00000000f5274b00,0x00000000f5680000)
  to   space 27136K, 0% used [0x00000000f7500000,0x00000000f7500000,0x00000000f8f80000)
 ParOldGen       total 91648K, used 61113K [0x00000000a0000000, 0x00000000a5980000, 0x00000000e0000000)
  object space 91648K, 66% used [0x00000000a0000000,0x00000000a3bae610,0x00000000a5980000)
 Metaspace       used 100219K, capacity 104700K, committed 104792K, reserved 1140736K
  class space    used 12548K, capacity 13362K, committed 13440K, reserved 1048576K
}
Event: 3571.273 GC heap before
{Heap before GC invocations=38 (full 4):
 PSYoungGen      total 350720K, used 346574K [0x00000000e0000000, 0x00000000f8f80000, 0x0000000100000000)
  eden space 326144K, 99% used [0x00000000e0000000,0x00000000f3e7ed70,0x00000000f3e80000)
  from space 24576K, 83% used [0x00000000f3e80000,0x00000000f5274b00,0x00000000f5680000)
  to   space 27136K, 0% used [0x00000000f7500000,0x00000000f7500000,0x00000000f8f80000)
 ParOldGen       total 91648K, used 61113K [0x00000000a0000000, 0x00000000a5980000, 0x00000000e0000000)
  object space 91648K, 66% used [0x00000000a0000000,0x00000000a3bae610,0x00000000a5980000)
 Metaspace       used 100935K, capacity 105514K, committed 105816K, reserved 1142784K
  class space    used 12558K, capacity 13375K, committed 13440K, reserved 1048576K

