# JRE version: OpenJDK Runtime Environment (8.0_152) (build 1.8.0_152-release-1343-b16-5323222)
# Java VM: OpenJDK 64-Bit Server VM (25.152-b16-5323222 mixed mode linux-amd64 compressed oops)
Heap:
 PSYoungGen      total 70144K, used 6649K [0x00000000e0000000, 0x00000000e4c00000, 0x0000000100000000)
  eden space 63488K, 0% used [0x00000000e0000000,0x00000000e0000000,0x00000000e3e00000)
  from space 6656K, 99% used [0x00000000e3e00000,0x00000000e447e460,0x00000000e4480000)
  to   space 5632K, 0% used [0x00000000e4480000,0x00000000e4480000,0x00000000e4a00000)
 ParOldGen       total 20480K, used 9658K [0x00000000a0000000, 0x00000000a1400000, 0x00000000e0000000)
  object space 20480K, 47% used [0x00000000a0000000,0x00000000a096eb10,0x00000000a1400000)
 Metaspace       used 20629K, capacity 21078K, committed 21296K, reserved 1067008K
  class space    used 2907K, capacity 3092K, committed 3200K, reserved 1048576K
GC Heap History (10 events):
Event: 6.330 GC heap after
Heap after GC invocations=4 (full 0):
 PSYoungGen      total 17408K, used 992K [0x00000000e0000000, 0x00000000e1200000, 0x0000000100000000)
  eden space 16384K, 0% used [0x00000000e0000000,0x00000000e0000000,0x00000000e1000000)
  from space 1024K, 96% used [0x00000000e1100000,0x00000000e11f8020,0x00000000e1200000)
  to   space 1024K, 0% used [0x00000000e1000000,0x00000000e1000000,0x00000000e1100000)
 ParOldGen       total 20480K, used 2950K [0x00000000a0000000, 0x00000000a1400000, 0x00000000e0000000)
  object space 20480K, 14% used [0x00000000a0000000,0x00000000a02e1810,0x00000000a1400000)
 Metaspace       used 6832K, capacity 6958K, committed 7040K, reserved 1056768K
  class space    used 836K, capacity 875K, committed 896K, reserved 1048576K
}
Event: 7.363 GC heap before
{Heap before GC invocations=5 (full 0):
 PSYoungGen      total 17408K, used 17376K [0x00000000e0000000, 0x00000000e1200000, 0x0000000100000000)
  eden space 16384K, 100% used [0x00000000e0000000,0x00000000e1000000,0x00000000e1000000)
  from space 1024K, 96% used [0x00000000e1100000,0x00000000e11f8020,0x00000000e1200000)
  to   space 1024K, 0% used [0x00000000e1000000,0x00000000e1000000,0x00000000e1100000)
 ParOldGen       total 20480K, used 2950K [0x00000000a0000000, 0x00000000a1400000, 0x00000000e0000000)
  object space 20480K, 14% used [0x00000000a0000000,0x00000000a02e1810,0x00000000a1400000)
 Metaspace       used 7163K, capacity 7304K, committed 7424K, reserved 1056768K
  class space    used 896K, capacity 948K, committed 1024K, reserved 1048576K
Event: 7.403 GC heap after
Heap after GC invocations=5 (full 0):
 PSYoungGen      total 17408K, used 1024K [0x00000000e0000000, 0x00000000e2600000, 0x0000000100000000)
  eden space 16384K, 0% used [0x00000000e0000000,0x00000000e0000000,0x00000000e1000000)
  from space 1024K, 100% used [0x00000000e1000000,0x00000000e1100000,0x00000000e1100000)
  to   space 3072K, 0% used [0x00000000e2300000,0x00000000e2300000,0x00000000e2600000)
 ParOldGen       total 20480K, used 4260K [0x00000000a0000000, 0x00000000a1400000, 0x00000000e0000000)
  object space 20480K, 20% used [0x00000000a0000000,0x00000000a0429020,0x00000000a1400000)
 Metaspace       used 7163K, capacity 7304K, committed 7424K, reserved 1056768K
  class space    used 896K, capacity 948K, committed 1024K, reserved 1048576K
}
Event: 8.323 GC heap before
{Heap before GC invocations=6 (full 0):
 PSYoungGen      total 17408K, used 17408K [0x00000000e0000000, 0x00000000e2600000, 0x0000000100000000)
  eden space 16384K, 100% used [0x00000000e0000000,0x00000000e1000000,0x00000000e1000000)
  from space 1024K, 100% used [0x00000000e1000000,0x00000000e1100000,0x00000000e1100000)
  to   space 3072K, 0% used [0x00000000e2300000,0x00000000e2300000,0x00000000e2600000)
 ParOldGen       total 20480K, used 4260K [0x00000000a0000000, 0x00000000a1400000, 0x00000000e0000000)
  object space 20480K, 20% used [0x00000000a0000000,0x00000000a0429020,0x00000000a1400000)
 Metaspace       used 10037K, capacity 10306K, committed 10496K, reserved 1058816K
  class space    used 1334K, capacity 1453K, committed 1536K, reserved 1048576K
Event: 8.357 GC heap after
Heap after GC invocations=6 (full 0):
 PSYoungGen      total 35328K, used 3056K [0x00000000e0000000, 0x00000000e2700000, 0x0000000100000000)
  eden space 32256K, 0% used [0x00000000e0000000,0x00000000e0000000,0x00000000e1f80000)
  from space 3072K, 99% used [0x00000000e2300000,0x00000000e25fc010,0x00000000e2600000)
  to   space 3584K, 0% used [0x00000000e1f80000,0x00000000e1f80000,0x00000000e2300000)
 ParOldGen       total 20480K, used 4504K [0x00000000a0000000, 0x00000000a1400000, 0x00000000e0000000)
  object space 20480K, 21% used [0x00000000a0000000,0x00000000a0466308,0x00000000a1400000)
 Metaspace       used 10037K, capacity 10306K, committed 10496K, reserved 1058816K
  class space    used 1334K, capacity 1453K, committed 1536K, reserved 1048576K
}
Event: 9.679 GC heap before
{Heap before GC invocations=7 (full 0):
 PSYoungGen      total 35328K, used 35312K [0x00000000e0000000, 0x00000000e2700000, 0x0000000100000000)
  eden space 32256K, 100% used [0x00000000e0000000,0x00000000e1f80000,0x00000000e1f80000)
  from space 3072K, 99% used [0x00000000e2300000,0x00000000e25fc010,0x00000000e2600000)
  to   space 3584K, 0% used [0x00000000e1f80000,0x00000000e1f80000,0x00000000e2300000)
 ParOldGen       total 20480K, used 4504K [0x00000000a0000000, 0x00000000a1400000, 0x00000000e0000000)
  object space 20480K, 21% used [0x00000000a0000000,0x00000000a0466308,0x00000000a1400000)
 Metaspace       used 13559K, capacity 13886K, committed 14080K, reserved 1060864K
  class space    used 1888K, capacity 2029K, committed 2048K, reserved 1048576K
Event: 9.695 GC heap after
Heap after GC invocations=7 (full 0):
 PSYoungGen      total 35840K, used 3563K [0x00000000e0000000, 0x00000000e4a00000, 0x0000000100000000)
  eden space 32256K, 0% used [0x00000000e0000000,0x00000000e0000000,0x00000000e1f80000)
  from space 3584K, 99% used [0x00000000e1f80000,0x00000000e22fad18,0x00000000e2300000)
  to   space 5632K, 0% used [0x00000000e4480000,0x00000000e4480000,0x00000000e4a00000)
 ParOldGen       total 20480K, used 6641K [0x00000000a0000000, 0x00000000a1400000, 0x00000000e0000000)
  object space 20480K, 32% used [0x00000000a0000000,0x00000000a067c7a0,0x00000000a1400000)
 Metaspace       used 13559K, capacity 13886K, committed 14080K, reserved 1060864K
  class space    used 1888K, capacity 2029K, committed 2048K, reserved 1048576K
}
Event: 11.136 GC heap before
{Heap before GC invocations=8 (full 0):
 PSYoungGen      total 35840K, used 35819K [0x00000000e0000000, 0x00000000e4a00000, 0x0000000100000000)
  eden space 32256K, 100% used [0x00000000e0000000,0x00000000e1f80000,0x00000000e1f80000)
  from space 3584K, 99% used [0x00000000e1f80000,0x00000000e22fad18,0x00000000e2300000)
  to   space 5632K, 0% used [0x00000000e4480000,0x00000000e4480000,0x00000000e4a00000)
 ParOldGen       total 20480K, used 6641K [0x00000000a0000000, 0x00000000a1400000, 0x00000000e0000000)
  object space 20480K, 32% used [0x00000000a0000000,0x00000000a067c7a0,0x00000000a1400000)
 Metaspace       used 16199K, capacity 16526K, committed 16896K, reserved 1062912K
  class space    used 2333K, capacity 2487K, committed 2560K, reserved 1048576K
Event: 11.205 GC heap after
Heap after GC invocations=8 (full 0):
 PSYoungGen      total 69120K, used 5624K [0x00000000e0000000, 0x00000000e4c00000, 0x0000000100000000)
  eden space 63488K, 0% used [0x00000000e0000000,0x00000000e0000000,0x00000000e3e00000)
  from space 5632K, 99% used [0x00000000e4480000,0x00000000e49fe248,0x00000000e4a00000)
  to   space 6656K, 0% used [0x00000000e3e00000,0x00000000e3e00000,0x00000000e4480000)
 ParOldGen       total 20480K, used 7500K [0x00000000a0000000, 0x00000000a1400000, 0x00000000e0000000)
  object space 20480K, 36% used [0x00000000a0000000,0x00000000a07531c0,0x00000000a1400000)
 Metaspace       used 16199K, capacity 16526K, committed 16896K, reserved 1062912K
  class space    used 2333K, capacity 2487K, committed 2560K, reserved 1048576K
}
Event: 20.457 GC heap before
{Heap before GC invocations=9 (full 0):
 PSYoungGen      total 69120K, used 44719K [0x00000000e0000000, 0x00000000e4c00000, 0x0000000100000000)
  eden space 63488K, 61% used [0x00000000e0000000,0x00000000e262dd28,0x00000000e3e00000)
  from space 5632K, 99% used [0x00000000e4480000,0x00000000e49fe248,0x00000000e4a00000)
  to   space 6656K, 0% used [0x00000000e3e00000,0x00000000e3e00000,0x00000000e4480000)
 ParOldGen       total 20480K, used 7500K [0x00000000a0000000, 0x00000000a1400000, 0x00000000e0000000)
  object space 20480K, 36% used [0x00000000a0000000,0x00000000a07531c0,0x00000000a1400000)
 Metaspace       used 20629K, capacity 21078K, committed 21296K, reserved 1067008K
  class space    used 2907K, capacity 3092K, committed 3200K, reserved 1048576K

